Arguments: 
  C:\software\node.exe C:\jsSoft\Yarn\bin\yarn.js init

PATH: 
  D:\cmder\vendor\git-for-windows\mingw64\bin;D:\cmder\vendor\git-for-windows\usr\bin;C:\Users\xiaojb\bin;C:\Program Files (x86)\Common Files\Oracle\Java\javapath;C:\ProgramData\Oracle\Java\javapath;C:\Windows\system32;C:\Windows;C:\Windows\System32\Wbem;C:\Windows\System32\WindowsPowerShell\v1.0;C:\Windows\System32\OpenSSH;C:\Program Files (x86)\NVIDIA Corporation\PhysX\Common;C:\Program Files\NVIDIA Corporation\NVIDIA NvDLISR;C:\Program Files\Java\jdk1.8\bin;C:\Program Files\Java\jdk1.8\jre\bin;C:\python-3.6.3;C:\Program Files\MySQL\bin;C:\software;C:\jsSoft\Yarn\bin;C:\Users\xiaojb\AppData\Local\Microsoft\WindowsApps;C:\Users\xiaojb\AppData\Local\Programs\Microsoft VS Code\bin;C:\python-3.6.3;C:\Users\xiaojb\AppData\Roaming\npm;C:\Users\xiaojb\AppData\Local\Yarn\bin

Yarn version: 
  1.22.4

Node version: 
  10.22.0

Platform: 
  win32 x64

Trace: 
  Error: canceled
      at Interface.<anonymous> (C:\jsSoft\Yarn\lib\cli.js:137008:13)
      at Interface.emit (events.js:198:13)
      at Interface._ttyWrite (readline.js:801:16)
      at ReadStream.onkeypress (readline.js:184:10)
      at ReadStream.emit (events.js:198:13)
      at emitKeys (internal/readline.js:424:14)
      at emitKeys.next (<anonymous>)
      at ReadStream.onData (readline.js:1073:36)
      at ReadStream.emit (events.js:198:13)
      at addChunk (_stream_readable.js:288:12)

npm manifest: 
  No manifest

yarn manifest: 
  No manifest

Lockfile: 
  No lockfile
